<?xml version="1.0" encoding="UTF-8"?>
<!-- Generated by org.testng.reporters.JUnitReportReporter -->
<testsuite hostname="DESKTOP-ODMS2MG" failures="0" tests="1" name="testClasses.StandAloneTest" time="18.394" errors="0" timestamp="2023-04-04T16:13:07 IST" skipped="0">
  <testcase classname="testClasses.StandAloneTest" name="Method" time="18.394"/>
  <system-out/>
</testsuite> <!-- testClasses.StandAloneTest -->
