<?xml version="1.0" encoding="UTF-8"?>
<!-- Generated by org.testng.reporters.JUnitReportReporter -->
<testsuite hostname="SF-LAP-317" failures="0" tests="1" name="testClasses.TestClass" time="13.059" errors="0" timestamp="2024-03-04T01:29:50 IST" skipped="0">
  <testcase classname="testClasses.TestClass" name="submitOrder" time="13.059"/>
  <system-out/>
</testsuite> <!-- testClasses.TestClass -->
